<?xml version="1.0" encoding="UTF-8"?>
<!-- Generated by org.testng.reporters.JUnitXMLReporter -->
<testsuite hostname="2205125-ANL" ignored="0" name="Surefire test" tests="5" failures="0" timestamp="2022-06-10T15:09:27 CEST" time="3.77" errors="0">
  <testcase name="ShouldNotBeAbleToCreateAPlaylistWithExpiredToken" time="2.785" classname="com.spotify.oauth2.tests.PlaylistTests"/>
  <testcase name="ShouldNotBeAbleToCreateAPlaylistWithName" time="3.402" classname="com.spotify.oauth2.tests.PlaylistTests"/>
  <testcase name="ShouldBeAbleToGetAPlaylist" time="3.518" classname="com.spotify.oauth2.tests.PlaylistTests"/>
  <testcase name="ShouldBeAbleToCreateAPlaylist" time="3.571" classname="com.spotify.oauth2.tests.PlaylistTests"/>
  <testcase name="ShouldBeAbleToUpdateAPlaylist" time="3.602" classname="com.spotify.oauth2.tests.PlaylistTests"/>
</testsuite> <!-- Surefire test -->
