<?xml version="1.0" encoding="UTF-8"?>
<testsuite xmlns:xsi="http://www.w3.org/2001/XMLSchema-instance" xsi:noNamespaceSchemaLocation="https://maven.apache.org/surefire/maven-surefire-plugin/xsd/surefire-test-report-3.0.xsd" version="3.0" name="TestSuite" time="3.678" tests="5" errors="0" skipped="0" failures="0">
  <properties>
[...]
</properties>
  <testcase name="ShouldNotBeAbleToCreateAPlaylistWithExpiredToken" classname="com.spotify.oauth2.tests.PlaylistTests" time="2.169">
    <system-out><![CDATA[STARTING TEST: ShouldNotBeAbleToCreateAPlaylistWithExpiredToken
STARTING TEST: ShouldNotBeAbleToCreateAPlaylistWithName
STARTING TEST: ShouldBeAbleToGetAPlaylist
STARTING TEST: ShouldBeAbleToCreateAPlaylist
STARTING TEST: ShouldBeAbleToUpdateAPlaylist
THREAD ID: 18
THREAD ID: 21
THREAD ID: 22
THREAD ID: 19
THREAD ID: 20
Renewing token ...
Request method:	POST
Request URI:	https://accounts.spotify.com/api/token
Proxy:			<none>
Request params:	<none>
Query params:	<none>
Form params:	refresh_token=AQDnGPDNXl7TcCzWGqRQmGTJlEv1OSdNfRdNfWBVbKo3OZVHq7VNZq4_hbsar_MSZa6ammE57uZmGQnv_FnNjwIgtgEPzIw-usl0ID8zgESKVhYUowFhNbH6AyTH5PhIP60
				grant_type=refresh_token
				client_secret=5ce89bec16e941f3b8a17859cf9b5d83
				client_id=9579ecfe28de401e9be33f5499844572
Path params:	<none>
Headers:		Accept=*/*
				Content-Type=application/x-www-form-urlencoded; charset=ISO-8859-1
Cookies:		<none>
Multiparts:		<none>
Body:			<none>
Request method:	POST
Request URI:	https://api.spotify.com/v1/users/31cwbwtpj2bcjmp2kedtnspo4wcu/playlists
Proxy:			<none>
Request params:	<none>
Query params:	<none>
Form params:	<none>
Path params:	<none>
Headers:		Accept=*/*
				Content-Type=application/json; charset=UTF-8
Cookies:		<none>
Multiparts:		<none>
Body:
{
    "description": "Description #&C&&_2#t8+&# 4E dH1&&&6  6_+@L+1 _ &v#7 _8# 4+A-+",
    "name": "Playlist  b -SP_,Sd",
    "public": false
}
HTTP/1.1 401 Unauthorized
www-authenticate: Bearer realm="spotify", error="invalid_token", error_description="Invalid access token"
access-control-allow-origin: *
access-control-allow-headers: Accept, App-Platform, Authorization, Content-Type, Origin, Retry-After, Spotify-App-Version, X-Cloud-Trace-Context, client-token, content-access-token
access-control-allow-methods: GET, POST, OPTIONS, PUT, DELETE, PATCH
access-control-allow-credentials: true
access-control-max-age: 604800
content-type: application/json
content-encoding: gzip
strict-transport-security: max-age=31536000
x-content-type-options: nosniff
date: Fri, 10 Jun 2022 11:19:41 GMT
server: envoy
Via: HTTP/2 edgeproxy, 1.1 google
Alt-Svc: h3=":443"; ma=2592000,h3-29=":443"; ma=2592000
Transfer-Encoding: chunked

{
    "error": {
        "status": 401,
        "message": "Invalid access token"
    }
}
HTTP/1.1 200 OK
date: Fri, 10 Jun 2022 11:19:42 GMT
content-type: application/json
vary: Accept-Encoding
set-cookie: __Host-device_id=AQCJxo96qZK9ew6LrGNHpiDSNVxgRq6TrymmTJHbGS_BQUZZXtknOTktk0Cprj5DUE0fR5r2vD_99aI7H1ics84zmNKuv0PJc8U;Version=1;Path=/;Max-Age=2147483647;Secure;HttpOnly;SameSite=Lax
set-cookie: sp_tr=false;Version=1;Domain=accounts.spotify.com;Path=/;Secure;SameSite=Lax
sp-trace-id: 8493591c585da06a
content-encoding: gzip
strict-transport-security: max-age=31536000
x-content-type-options: nosniff
server: envoy
Via: HTTP/2 edgeproxy, 1.1 google
Alt-Svc: h3=":443"; ma=2592000,h3-29=":443"; ma=2592000
Transfer-Encoding: chunked

{
    "access_token": "BQAYVnF8EeXcr4h2Vd8DBr5bynlc295nkfZvjhzIl77kd4rippFnUR8_sYNMCm2s157ketWZEzEKQf9d0bEnNxGRsAK9i7SburUT_l5NuheMhDXyLDhy9KyJBMUgSjsN4NtAY-VttY5KqXGe8d4f0Hd73gtHbdSA_bj8Ng-atjv2fv5fatVAloUNq30anqdvgqGiVE4UT3SHVjIIKLSz9-nnlS91eh6rz7C2Dk8sfbEJwKaIddjan2dcWi_TKUwUO0MX9qWhvQ3hTUvYlQ",
    "token_type": "Bearer",
    "expires_in": 3600,
    "scope": "playlist-read-private playlist-read-collaborative playlist-modify-private playlist-modify-public"
}
]]></system-out>
    <system-err><![CDATA[SLF4J: Failed to load class "org.slf4j.impl.StaticLoggerBinder".
SLF4J: Defaulting to no-operation (NOP) logger implementation
SLF4J: See http://www.slf4j.org/codes.html#StaticLoggerBinder for further details.
]]></system-err>
  </testcase>
  <testcase name="ShouldNotBeAbleToCreateAPlaylistWithName" classname="com.spotify.oauth2.tests.PlaylistTests" time="2.692">
    <system-out><![CDATA[Token is good to use
Token is good to use
Token is good to use
Request method:	GET
Request URI:	https://api.spotify.com/v1/playlists/4rad8gpZSq3Z2AXfQu1bfD
Proxy:			<none>
Request params:	<none>
Query params:	<none>
Form params:	<none>
Path params:	<none>
Headers:		Accept=*/*
				Content-Type=application/json; charset=UTF-8
Cookies:		<none>
Multiparts:		<none>
Body:			<none>
Request method:	PUT
Request URI:	https://api.spotify.com/v1/playlists/6h20uIjLaTdDaC6JzhSCL4
Proxy:			<none>
Request params:	<none>
Query params:	<none>
Form params:	<none>
Path params:	<none>
Headers:		Accept=*/*
				Content-Type=application/json; charset=UTF-8
Cookies:		<none>
Multiparts:		<none>
Body:
{
    "description": "Description a -6+ 6##+&V__-B#4t_4+Yc2 +#R#O+5a+  ##2LM &+0Gg++",
    "name": "Playlist  ,7C8_v-_,",
    "public": false
}
Request method:	POST
Request URI:	https://api.spotify.com/v1/users/31cwbwtpj2bcjmp2kedtnspo4wcu/playlists
Proxy:			<none>
Request params:	<none>
Query params:	<none>
Form params:	<none>
Path params:	<none>
Headers:		Accept=*/*
				Content-Type=application/json; charset=UTF-8
Cookies:		<none>
Multiparts:		<none>
Body:
{
    "description": "Description  #/nh+I#&w+&#&z&#___1m2 _&&#&L_ &-_+&&7#6 #__L8Eq&",
    "name": "",
    "public": false
}
Request method:	POST
Request URI:	https://api.spotify.com/v1/users/31cwbwtpj2bcjmp2kedtnspo4wcu/playlists
Proxy:			<none>
Request params:	<none>
Query params:	<none>
Form params:	<none>
Path params:	<none>
Headers:		Accept=*/*
				Content-Type=application/json; charset=UTF-8
Cookies:		<none>
Multiparts:		<none>
Body:
{
    "description": "Description h &#n++_+ __+#&H- &_O#+@ &+&yY_#&@ +7+P-.W+#&&_#_#",
    "name": "Playlist -xR5,, _s ",
    "public": false
}
HTTP/1.1 400 Bad Request
content-type: application/json; charset=utf-8
cache-control: private, max-age=0
x-robots-tag: noindex, nofollow
access-control-allow-origin: *
access-control-allow-headers: Accept, App-Platform, Authorization, Content-Type, Origin, Retry-After, Spotify-App-Version, X-Cloud-Trace-Context, client-token, content-access-token
access-control-allow-methods: GET, POST, OPTIONS, PUT, DELETE, PATCH
access-control-allow-credentials: true
access-control-max-age: 604800
content-encoding: gzip
strict-transport-security: max-age=31536000
x-content-type-options: nosniff
date: Fri, 10 Jun 2022 11:19:42 GMT
server: envoy
Via: HTTP/2 edgeproxy, 1.1 google
Alt-Svc: h3=":443"; ma=2592000,h3-29=":443"; ma=2592000
Transfer-Encoding: chunked

{
    "error": {
        "status": 400,
        "message": "Missing required field: name"
    }
}
]]></system-out>
  </testcase>
  <testcase name="ShouldBeAbleToUpdateAPlaylist" classname="com.spotify.oauth2.tests.PlaylistTests" time="2.784">
    <system-out><![CDATA[HTTP/1.1 200 OK
cache-control: private, max-age=0
x-robots-tag: noindex, nofollow
access-control-allow-origin: *
access-control-allow-headers: Accept, App-Platform, Authorization, Content-Type, Origin, Retry-After, Spotify-App-Version, X-Cloud-Trace-Context, client-token, content-access-token
access-control-allow-methods: GET, POST, OPTIONS, PUT, DELETE, PATCH
access-control-allow-credentials: true
access-control-max-age: 604800
Content-Length: 0
strict-transport-security: max-age=31536000
x-content-type-options: nosniff
date: Fri, 10 Jun 2022 11:19:42 GMT
server: envoy
Via: HTTP/2 edgeproxy, 1.1 google
Alt-Svc: h3=":443"; ma=2592000,h3-29=":443"; ma=2592000
]]></system-out>
  </testcase>
  <testcase name="ShouldBeAbleToGetAPlaylist" classname="com.spotify.oauth2.tests.PlaylistTests" time="2.835">
    <system-out><![CDATA[HTTP/1.1 200 OK
content-type: application/json; charset=utf-8
cache-control: public, max-age=0
etag: "MC-IjE1MDg2ZjRlMzBhZTM3ZGY3YTIxMTgwYzU2OGE5MzA3Ig=="
x-robots-tag: noindex, nofollow
access-control-allow-origin: *
access-control-allow-headers: Accept, App-Platform, Authorization, Content-Type, Origin, Retry-After, Spotify-App-Version, X-Cloud-Trace-Context, client-token, content-access-token
access-control-allow-methods: GET, POST, OPTIONS, PUT, DELETE, PATCH
access-control-allow-credentials: true
access-control-max-age: 604800
content-encoding: gzip
strict-transport-security: max-age=31536000
x-content-type-options: nosniff
date: Fri, 10 Jun 2022 11:19:43 GMT
server: envoy
Via: HTTP/2 edgeproxy, 1.1 google
Alt-Svc: h3=":443"; ma=2592000,h3-29=":443"; ma=2592000
Transfer-Encoding: chunked

{
    "collaborative": false,
    "description": "Updated playlist description",
    "external_urls": {
        "spotify": "https://open.spotify.com/playlist/4rad8gpZSq3Z2AXfQu1bfD"
    },
    "followers": {
        "href": null,
        "total": 0
    },
    "href": "https://api.spotify.com/v1/playlists/4rad8gpZSq3Z2AXfQu1bfD",
    "id": "4rad8gpZSq3Z2AXfQu1bfD",
    "images": [
        
    ],
    "name": "Updated Playlist Name",
    "owner": {
        "display_name": "Om",
        "external_urls": {
            "spotify": "https://open.spotify.com/user/c0sb51wjod0fli2g7k0r2lc5e"
        },
        "href": "https://api.spotify.com/v1/users/c0sb51wjod0fli2g7k0r2lc5e",
        "id": "c0sb51wjod0fli2g7k0r2lc5e",
        "type": "user",
        "uri": "spotify:user:c0sb51wjod0fli2g7k0r2lc5e"
    },
    "primary_color": null,
    "public": false,
    "snapshot_id": "NSxkMzYyZjdlYTMwNGI4YWEwZTI3OTU2MmU2NWI4ZTZkMGQzOWYyOWQ0",
    "tracks": {
        "href": "https://api.spotify.com/v1/playlists/4rad8gpZSq3Z2AXfQu1bfD/tracks?offset=0&limit=100",
        "items": [
            
        ],
        "limit": 100,
        "next": null,
        "offset": 0,
        "previous": null,
        "total": 0
    },
    "type": "playlist",
    "uri": "spotify:playlist:4rad8gpZSq3Z2AXfQu1bfD"
}
HTTP/1.1 201 Created
content-type: application/json; charset=utf-8
cache-control: private, max-age=0
location: https://api.spotify.com/v1/playlists/2sbEFKUUcM3XNZ5PFnyGPr
x-robots-tag: noindex, nofollow
access-control-allow-origin: *
access-control-allow-headers: Accept, App-Platform, Authorization, Content-Type, Origin, Retry-After, Spotify-App-Version, X-Cloud-Trace-Context, client-token, content-access-token
access-control-allow-methods: GET, POST, OPTIONS, PUT, DELETE, PATCH
access-control-allow-credentials: true
access-control-max-age: 604800
content-encoding: gzip
strict-transport-security: max-age=31536000
x-content-type-options: nosniff
date: Fri, 10 Jun 2022 11:19:42 GMT
server: envoy
Via: HTTP/2 edgeproxy, 1.1 google
Alt-Svc: h3=":443"; ma=2592000,h3-29=":443"; ma=2592000
Transfer-Encoding: chunked

{
    "collaborative": false,
    "description": "Description h &#n++_+ __+#&H- &_O#+@ &+&yY_#&@ +7+P-.W+#&&_#_#",
    "external_urls": {
        "spotify": "https://open.spotify.com/playlist/2sbEFKUUcM3XNZ5PFnyGPr"
    },
    "followers": {
        "href": null,
        "total": 0
    },
    "href": "https://api.spotify.com/v1/playlists/2sbEFKUUcM3XNZ5PFnyGPr",
    "id": "2sbEFKUUcM3XNZ5PFnyGPr",
    "images": [
        
    ],
    "name": "Playlist -xR5,, _s ",
    "owner": {
        "display_name": "test",
        "external_urls": {
            "spotify": "https://open.spotify.com/user/31cwbwtpj2bcjmp2kedtnspo4wcu"
        },
        "href": "https://api.spotify.com/v1/users/31cwbwtpj2bcjmp2kedtnspo4wcu",
        "id": "31cwbwtpj2bcjmp2kedtnspo4wcu",
        "type": "user",
        "uri": "spotify:user:31cwbwtpj2bcjmp2kedtnspo4wcu"
    },
    "primary_color": null,
    "public": false,
    "snapshot_id": "MSw1YzI3OWU4NjkwZTZiZTNhNjQyNTYzM2RlMzIxNWRkMzBhOWM0ZTYz",
    "tracks": {
        "href": "https://api.spotify.com/v1/playlists/2sbEFKUUcM3XNZ5PFnyGPr/tracks",
        "items": [
            
        ],
        "limit": 100,
        "next": null,
        "offset": 0,
        "previous": null,
        "total": 0
    },
    "type": "playlist",
    "uri": "spotify:playlist:2sbEFKUUcM3XNZ5PFnyGPr"
}
]]></system-out>
  </testcase>
  <testcase name="ShouldBeAbleToCreateAPlaylist" classname="com.spotify.oauth2.tests.PlaylistTests" time="2.835"/>
</testsuite>