<?xml version="1.0" encoding="UTF-8"?>
<testng-results ignored="0" total="5" passed="5" failed="0" skipped="0">
  <reporter-output>
  </reporter-output>
  <suite started-at="2022-06-10T13:19:39 CEST" name="Surefire suite" finished-at="2022-06-10T13:19:42 CEST" duration-ms="3026">
    <groups>
    </groups>
    <test started-at="2022-06-10T13:19:39 CEST" name="Surefire test" finished-at="2022-06-10T13:19:42 CEST" duration-ms="3026">
      <class name="com.spotify.oauth2.tests.PlaylistTests">
        <test-method is-config="true" signature="beforeMethod(java.lang.reflect.Method)[pri:0, instance:com.spotify.oauth2.tests.PlaylistTests@17271176]" started-at="2022-06-10T13:19:39 CEST" name="beforeMethod" finished-at="2022-06-10T13:19:39 CEST" duration-ms="15" status="PASS">
          <params>
            <param index="0">
              <value>
                <![CDATA[public void com.spotify.oauth2.tests.PlaylistTests.ShouldBeAbleToGetAPlaylist()]]>
              </value>
            </param>
          </params>
          <reporter-output>
          </reporter-output>
        </test-method> <!-- beforeMethod -->
        <test-method is-config="true" signature="beforeMethod(java.lang.reflect.Method)[pri:0, instance:com.spotify.oauth2.tests.PlaylistTests@17271176]" started-at="2022-06-10T13:19:39 CEST" name="beforeMethod" finished-at="2022-06-10T13:19:39 CEST" duration-ms="15" status="PASS">
          <params>
            <param index="0">
              <value>
                <![CDATA[public void com.spotify.oauth2.tests.PlaylistTests.ShouldNotBeAbleToCreateAPlaylistWithName()]]>
              </value>
            </param>
          </params>
          <reporter-output>
          </reporter-output>
        </test-method> <!-- beforeMethod -->
        <test-method is-config="true" signature="beforeMethod(java.lang.reflect.Method)[pri:0, instance:com.spotify.oauth2.tests.PlaylistTests@17271176]" started-at="2022-06-10T13:19:39 CEST" name="beforeMethod" finished-at="2022-06-10T13:19:39 CEST" duration-ms="15" status="PASS">
          <params>
            <param index="0">
              <value>
                <![CDATA[public void com.spotify.oauth2.tests.PlaylistTests.ShouldBeAbleToUpdateAPlaylist()]]>
              </value>
            </param>
          </params>
          <reporter-output>
          </reporter-output>
        </test-method> <!-- beforeMethod -->
        <test-method is-config="true" signature="beforeMethod(java.lang.reflect.Method)[pri:0, instance:com.spotify.oauth2.tests.PlaylistTests@17271176]" started-at="2022-06-10T13:19:39 CEST" name="beforeMethod" finished-at="2022-06-10T13:19:39 CEST" duration-ms="15" status="PASS">
          <params>
            <param index="0">
              <value>
                <![CDATA[public void com.spotify.oauth2.tests.PlaylistTests.ShouldBeAbleToCreateAPlaylist()]]>
              </value>
            </param>
          </params>
          <reporter-output>
          </reporter-output>
        </test-method> <!-- beforeMethod -->
        <test-method is-config="true" signature="beforeMethod(java.lang.reflect.Method)[pri:0, instance:com.spotify.oauth2.tests.PlaylistTests@17271176]" started-at="2022-06-10T13:19:39 CEST" name="beforeMethod" finished-at="2022-06-10T13:19:39 CEST" duration-ms="15" status="PASS">
          <params>
            <param index="0">
              <value>
                <![CDATA[public void com.spotify.oauth2.tests.PlaylistTests.ShouldNotBeAbleToCreateAPlaylistWithExpiredToken()]]>
              </value>
            </param>
          </params>
          <reporter-output>
          </reporter-output>
        </test-method> <!-- beforeMethod -->
        <test-method signature="ShouldBeAbleToUpdateAPlaylist()[pri:0, instance:com.spotify.oauth2.tests.PlaylistTests@17271176]" started-at="2022-06-10T13:19:39 CEST" name="ShouldBeAbleToUpdateAPlaylist" finished-at="2022-06-10T13:19:42 CEST" duration-ms="2845" status="PASS">
          <reporter-output>
          </reporter-output>
        </test-method> <!-- ShouldBeAbleToUpdateAPlaylist -->
        <test-method signature="ShouldBeAbleToCreateAPlaylist()[pri:0, instance:com.spotify.oauth2.tests.PlaylistTests@17271176]" started-at="2022-06-10T13:19:39 CEST" name="ShouldBeAbleToCreateAPlaylist" description="should be able to create a playlist" finished-at="2022-06-10T13:19:42 CEST" duration-ms="2890" status="PASS">
          <reporter-output>
          </reporter-output>
        </test-method> <!-- ShouldBeAbleToCreateAPlaylist -->
        <test-method signature="ShouldBeAbleToGetAPlaylist()[pri:0, instance:com.spotify.oauth2.tests.PlaylistTests@17271176]" started-at="2022-06-10T13:19:39 CEST" name="ShouldBeAbleToGetAPlaylist" finished-at="2022-06-10T13:19:42 CEST" duration-ms="2890" status="PASS">
          <reporter-output>
          </reporter-output>
        </test-method> <!-- ShouldBeAbleToGetAPlaylist -->
        <test-method signature="ShouldNotBeAbleToCreateAPlaylistWithExpiredToken()[pri:0, instance:com.spotify.oauth2.tests.PlaylistTests@17271176]" started-at="2022-06-10T13:19:39 CEST" name="ShouldNotBeAbleToCreateAPlaylistWithExpiredToken" finished-at="2022-06-10T13:19:41 CEST" duration-ms="2215" status="PASS">
          <reporter-output>
          </reporter-output>
        </test-method> <!-- ShouldNotBeAbleToCreateAPlaylistWithExpiredToken -->
        <test-method signature="ShouldNotBeAbleToCreateAPlaylistWithName()[pri:0, instance:com.spotify.oauth2.tests.PlaylistTests@17271176]" started-at="2022-06-10T13:19:39 CEST" name="ShouldNotBeAbleToCreateAPlaylistWithName" finished-at="2022-06-10T13:19:42 CEST" duration-ms="2750" status="PASS">
          <reporter-output>
          </reporter-output>
        </test-method> <!-- ShouldNotBeAbleToCreateAPlaylistWithName -->
      </class> <!-- com.spotify.oauth2.tests.PlaylistTests -->
    </test> <!-- Surefire test -->
  </suite> <!-- Surefire suite -->
</testng-results>
