<?xml version="1.0" encoding="UTF-8"?>
<testng-results skipped="0" failed="0" ignored="0" total="5" passed="5">
  <reporter-output>
  </reporter-output>
  <suite name="Surefire suite" duration-ms="3770" started-at="2022-06-10T15:09:23 CEST" finished-at="2022-06-10T15:09:27 CEST">
    <groups>
    </groups>
    <test name="Surefire test" duration-ms="3770" started-at="2022-06-10T15:09:23 CEST" finished-at="2022-06-10T15:09:27 CEST">
      <class name="com.spotify.oauth2.tests.PlaylistTests">
        <test-method status="PASS" signature="beforeMethod(java.lang.reflect.Method)[pri:0, instance:com.spotify.oauth2.tests.PlaylistTests@1bf0f6f6]" name="beforeMethod" is-config="true" duration-ms="10" started-at="2022-06-10T15:09:23 CEST" finished-at="2022-06-10T15:09:23 CEST">
          <params>
            <param index="0">
              <value>
                <![CDATA[public void com.spotify.oauth2.tests.PlaylistTests.ShouldBeAbleToGetAPlaylist()]]>
              </value>
            </param>
          </params>
          <reporter-output>
          </reporter-output>
        </test-method> <!-- beforeMethod -->
        <test-method status="PASS" signature="beforeMethod(java.lang.reflect.Method)[pri:0, instance:com.spotify.oauth2.tests.PlaylistTests@1bf0f6f6]" name="beforeMethod" is-config="true" duration-ms="10" started-at="2022-06-10T15:09:23 CEST" finished-at="2022-06-10T15:09:23 CEST">
          <params>
            <param index="0">
              <value>
                <![CDATA[public void com.spotify.oauth2.tests.PlaylistTests.ShouldBeAbleToCreateAPlaylist()]]>
              </value>
            </param>
          </params>
          <reporter-output>
          </reporter-output>
        </test-method> <!-- beforeMethod -->
        <test-method status="PASS" signature="beforeMethod(java.lang.reflect.Method)[pri:0, instance:com.spotify.oauth2.tests.PlaylistTests@1bf0f6f6]" name="beforeMethod" is-config="true" duration-ms="10" started-at="2022-06-10T15:09:23 CEST" finished-at="2022-06-10T15:09:23 CEST">
          <params>
            <param index="0">
              <value>
                <![CDATA[public void com.spotify.oauth2.tests.PlaylistTests.ShouldBeAbleToUpdateAPlaylist()]]>
              </value>
            </param>
          </params>
          <reporter-output>
          </reporter-output>
        </test-method> <!-- beforeMethod -->
        <test-method status="PASS" signature="beforeMethod(java.lang.reflect.Method)[pri:0, instance:com.spotify.oauth2.tests.PlaylistTests@1bf0f6f6]" name="beforeMethod" is-config="true" duration-ms="10" started-at="2022-06-10T15:09:23 CEST" finished-at="2022-06-10T15:09:23 CEST">
          <params>
            <param index="0">
              <value>
                <![CDATA[public void com.spotify.oauth2.tests.PlaylistTests.ShouldNotBeAbleToCreateAPlaylistWithName()]]>
              </value>
            </param>
          </params>
          <reporter-output>
          </reporter-output>
        </test-method> <!-- beforeMethod -->
        <test-method status="PASS" signature="beforeMethod(java.lang.reflect.Method)[pri:0, instance:com.spotify.oauth2.tests.PlaylistTests@1bf0f6f6]" name="beforeMethod" is-config="true" duration-ms="10" started-at="2022-06-10T15:09:23 CEST" finished-at="2022-06-10T15:09:23 CEST">
          <params>
            <param index="0">
              <value>
                <![CDATA[public void com.spotify.oauth2.tests.PlaylistTests.ShouldNotBeAbleToCreateAPlaylistWithExpiredToken()]]>
              </value>
            </param>
          </params>
          <reporter-output>
          </reporter-output>
        </test-method> <!-- beforeMethod -->
        <test-method status="PASS" signature="ShouldBeAbleToUpdateAPlaylist()[pri:0, instance:com.spotify.oauth2.tests.PlaylistTests@1bf0f6f6]" name="ShouldBeAbleToUpdateAPlaylist" duration-ms="3602" started-at="2022-06-10T15:09:23 CEST" finished-at="2022-06-10T15:09:27 CEST">
          <reporter-output>
          </reporter-output>
        </test-method> <!-- ShouldBeAbleToUpdateAPlaylist -->
        <test-method status="PASS" signature="ShouldBeAbleToGetAPlaylist()[pri:0, instance:com.spotify.oauth2.tests.PlaylistTests@1bf0f6f6]" name="ShouldBeAbleToGetAPlaylist" duration-ms="3518" started-at="2022-06-10T15:09:23 CEST" finished-at="2022-06-10T15:09:27 CEST">
          <reporter-output>
          </reporter-output>
        </test-method> <!-- ShouldBeAbleToGetAPlaylist -->
        <test-method status="PASS" signature="ShouldNotBeAbleToCreateAPlaylistWithName()[pri:0, instance:com.spotify.oauth2.tests.PlaylistTests@1bf0f6f6]" name="ShouldNotBeAbleToCreateAPlaylistWithName" duration-ms="3402" started-at="2022-06-10T15:09:23 CEST" finished-at="2022-06-10T15:09:27 CEST">
          <reporter-output>
          </reporter-output>
        </test-method> <!-- ShouldNotBeAbleToCreateAPlaylistWithName -->
        <test-method status="PASS" signature="ShouldNotBeAbleToCreateAPlaylistWithExpiredToken()[pri:0, instance:com.spotify.oauth2.tests.PlaylistTests@1bf0f6f6]" name="ShouldNotBeAbleToCreateAPlaylistWithExpiredToken" duration-ms="2785" started-at="2022-06-10T15:09:23 CEST" finished-at="2022-06-10T15:09:26 CEST">
          <reporter-output>
          </reporter-output>
        </test-method> <!-- ShouldNotBeAbleToCreateAPlaylistWithExpiredToken -->
        <test-method status="PASS" signature="ShouldBeAbleToCreateAPlaylist()[pri:0, instance:com.spotify.oauth2.tests.PlaylistTests@1bf0f6f6]" name="ShouldBeAbleToCreateAPlaylist" duration-ms="3571" started-at="2022-06-10T15:09:23 CEST" description="should be able to create a playlist" finished-at="2022-06-10T15:09:27 CEST">
          <reporter-output>
          </reporter-output>
        </test-method> <!-- ShouldBeAbleToCreateAPlaylist -->
      </class> <!-- com.spotify.oauth2.tests.PlaylistTests -->
    </test> <!-- Surefire test -->
  </suite> <!-- Surefire suite -->
</testng-results>
